<?xml version="1.0" encoding="UTF-8"?>
<!-- Generated by org.testng.reporters.JUnitReportReporter -->
<testsuite hostname="LTIN424250" failures="0" tests="1" name="testCases.TC_001_AccountRegistrationTest" time="2.487" errors="0" timestamp="4 Sep 2024 05:16:05 GMT">
  <testcase classname="testCases.TC_001_AccountRegistrationTest" name="verify_account_registration" time="2.487"/>
</testsuite> <!-- testCases.TC_001_AccountRegistrationTest -->
