<?xml version="1.0" encoding="UTF-8"?>
<!-- Generated by org.testng.reporters.JUnitReportReporter -->
<testsuite hostname="LTIN424250" failures="0" tests="1" name="testCases.TC_002_LoginTest" time="1.795" errors="0" timestamp="4 Sep 2024 05:16:05 GMT">
  <testcase classname="testCases.TC_002_LoginTest" name="verify_login" time="1.795"/>
</testsuite> <!-- testCases.TC_002_LoginTest -->
