<?xml version="1.0" encoding="UTF-8"?>
<!-- Generated by org.testng.reporters.JUnitReportReporter -->
<testsuite hostname="LTIN424250" failures="0" tests="1" name="testCases.TC_001_AccountRegistrationTest" time="3.632" errors="0" timestamp="2024-09-04T12:37:47 IST" skipped="0">
  <testcase classname="testCases.TC_001_AccountRegistrationTest" name="verify_account_registration" time="3.632"/>
  <system-out/>
</testsuite> <!-- testCases.TC_001_AccountRegistrationTest -->
